time="2024-10-10T17:32:51+03:00" level=info msg="Received filter parameters: groupName=, text=song, genre=rock, page=1, limit=10"
time="2024-10-10T17:32:51+03:00" level=info msg="Fetched songs: []"
time="2024-10-10T17:45:02+03:00" level=info msg="Received filter parameters: groupName=, text=song, genre=rock, page=1, limit=10"
time="2024-10-10T17:45:02+03:00" level=info msg="Fetched songs: []"
time="2024-10-10T17:45:38+03:00" level=info msg="Received filter parameters: groupName=, text=song, genre=rock, page=1, limit=1"
time="2024-10-10T17:45:38+03:00" level=info msg="Fetched songs: []"
time="2024-10-10T17:45:43+03:00" level=info msg="Received filter parameters: groupName=, text=song, genre=rock, page=1, limit=10"
time="2024-10-10T17:45:43+03:00" level=info msg="Fetched songs: []"
time="2024-10-10T17:47:20+03:00" level=info msg="Received filter parameters: groupName=, text=Textforsong1, genre=Genre1, page=1, limit=10"
time="2024-10-10T17:47:20+03:00" level=info msg="Fetched songs: []"
time="2024-10-10T17:47:27+03:00" level=info msg="Received filter parameters: groupName=, text=Textforsong1, genre=Genre, page=1, limit=10"
time="2024-10-10T17:47:27+03:00" level=info msg="Fetched songs: []"
time="2024-10-10T17:47:44+03:00" level=info msg="Received filter parameters: groupName=Group1, text=Textforsong1, genre=Genre1, page=1, limit=10"
time="2024-10-10T17:47:44+03:00" level=info msg="Fetched songs: []"
time="2024-10-10T17:47:49+03:00" level=info msg="Received filter parameters: groupName=Group1, text=Textforsong1, genre=Genre1, page=1, limit=10"
time="2024-10-10T17:47:49+03:00" level=info msg="Fetched songs: []"
time="2024-10-10T17:48:24+03:00" level=info msg="Received filter parameters: groupName=Group1, text=Textforsong1, genre=Genre1, page=1, limit=10"
time="2024-10-10T17:48:24+03:00" level=info msg="Fetched songs: []"
time="2024-10-10T17:52:56+03:00" level=info msg="Received filter parameters: groupName=, text=Textforsong1, genre=Genre1, page=1, limit=10"
time="2024-10-10T17:52:56+03:00" level=info msg="Fetched songs: []"
time="2024-10-10T17:54:32+03:00" level=info msg="Received filter parameters: groupName=, text=Textforsong1, genre=Genre1, page=1, limit=10"
time="2024-10-10T17:54:32+03:00" level=info msg="Fetched songs: []"
time="2024-10-10T17:54:36+03:00" level=info msg="Received filter parameters: groupName=, text=Textforsong1, genre=Genre1, page=1, limit=10"
time="2024-10-10T17:54:36+03:00" level=info msg="Fetched songs: []"
time="2024-10-10T17:58:03+03:00" level=info msg="Received filter parameters: groupName=, text=Textforsong1, genre=Genre1, page=1, limit=10"
time="2024-10-10T17:58:03+03:00" level=info msg="Fetched 0 songs"
time="2024-10-10T17:58:06+03:00" level=info msg="Received filter parameters: groupName=, text=Textforsong1, genre=Genre1, page=1, limit=10"
time="2024-10-10T17:58:06+03:00" level=info msg="Fetched 0 songs"
time="2024-10-10T17:58:14+03:00" level=info msg="Received filter parameters: groupName=Group1, text=Textforsong1, genre=Genre1, page=1, limit=10"
time="2024-10-10T17:58:14+03:00" level=info msg="Fetched 0 songs"
time="2024-10-10T17:58:44+03:00" level=info msg="Received filter parameters: groupName=Group1, text=Textforsong1, genre=Genre1, page=1, limit=10"
time="2024-10-10T17:58:44+03:00" level=info msg="Fetched 0 songs"
time="2024-10-10T18:00:30+03:00" level=info msg="Received filter parameters: groupName=Group1, text=Textforsong1, genre=Genre1, page=1, limit=10"
time="2024-10-10T18:00:30+03:00" level=info msg="Fetched 0 songs"
time="2024-10-10T18:02:24+03:00" level=info msg="Received filter parameters: groupName=Group1, text=Textforsong1, genre=Genre1, page=1, limit=10"
time="2024-10-10T18:02:24+03:00" level=info msg="Fetched 0 songs"
time="2024-10-10T18:05:07+03:00" level=info msg="Received filter parameters: groupName=Group1, text=Textforsong1, genre=Genre1, page=1, limit=10"
time="2024-10-10T18:05:07+03:00" level=info msg="Fetched 0 songs"
time="2024-10-10T18:06:23+03:00" level=info msg="Received filter parameters: groupName=Group1, text=Textforsong1, genre=Genre1, page=1, limit=10"
time="2024-10-10T18:06:23+03:00" level=info msg="Received filter parameters: groupName=Textforsong1, text=Group1, genre=Genre1, page=1, limit=10"
time="2024-10-10T18:06:23+03:00" level=info msg="Constructed query: SELECT id, group_name, text, genre, date_added FROM songs WHERE group_name ILIKE $1 AND text ILIKE $2 AND genre ILIKE $3 LIMIT $4 OFFSET $5 with args: [%Textforsong1% %Group1% %Genre1% 10 0]"
time="2024-10-10T18:06:23+03:00" level=info msg="Fetched 0 songs"
time="2024-10-10T18:06:23+03:00" level=info msg="Fetched 0 songs"
time="2024-10-10T18:06:23+03:00" level=info msg="Fetched 0 songs"
time="2024-10-10T18:09:30+03:00" level=info msg="Received filter parameters: groupName=Group1, text=Textforsong1, genre=Genre1, page=1, limit=10"
time="2024-10-10T18:09:30+03:00" level=info msg="Received filter parameters: groupName=Group1, text=Textforsong1, genre=Genre1, page=1, limit=10"
time="2024-10-10T18:09:30+03:00" level=info msg="Constructed query: SELECT id, group_name, text, genre, date_added FROM songs WHERE group_name ILIKE $1 AND text ILIKE $2 AND genre ILIKE $3 LIMIT $4 OFFSET $5 with args: [%Group1% %Textforsong1% %Genre1% 10 0]"
time="2024-10-10T18:09:30+03:00" level=info msg="Fetched 1 songs"
time="2024-10-10T18:09:30+03:00" level=info msg="Fetched 1 songs"
time="2024-10-10T18:09:30+03:00" level=info msg="Fetched 1 songs: [{ID:8ce80f1f-ac25-4ddd-9790-99e80d004018 groupName:Group1 Text:Textforsong1 Genre:Genre1 Date_added:2024-10-10 12:58:53.470514 +0000 UTC}]"
time="2024-10-10T18:11:14+03:00" level=info msg="Received filter parameters: groupName=Group1, text=Textforsong1, genre=Genre1, page=1, limit=10"
time="2024-10-10T18:11:14+03:00" level=info msg="Received filter parameters: groupName=Group1, text=Textforsong1, genre=Genre1, page=1, limit=10"
time="2024-10-10T18:11:14+03:00" level=info msg="Constructed query: SELECT id, group_name, text, genre, date_added FROM songs WHERE group_name ILIKE $1 AND text ILIKE $2 AND genre ILIKE $3 LIMIT $4 OFFSET $5 with args: [%Group1% %Textforsong1% %Genre1% 10 0]"
time="2024-10-10T18:11:14+03:00" level=info msg="Fetched 1 songs"
time="2024-10-10T18:11:14+03:00" level=info msg="Fetched 1 songs"
time="2024-10-10T18:11:14+03:00" level=info msg="Fetched 1 songs: [{ID:8ce80f1f-ac25-4ddd-9790-99e80d004018 groupName:Group1 Text:Textforsong1 Genre:Genre1 Date_added:2024-10-10 12:58:53.470514 +0000 UTC}]"
time="2024-10-10T18:11:29+03:00" level=info msg="Received filter parameters: groupName=Group1, text=Textforsong1, genre=Genre1, page=1, limit=10"
time="2024-10-10T18:11:29+03:00" level=info msg="Received filter parameters: groupName=Group1, text=Textforsong1, genre=Genre1, page=1, limit=10"
time="2024-10-10T18:11:29+03:00" level=info msg="Constructed query: SELECT id, group_name, text, genre, date_added FROM songs WHERE group_name ILIKE $1 AND text ILIKE $2 AND genre ILIKE $3 LIMIT $4 OFFSET $5 with args: [%Group1% %Textforsong1% %Genre1% 10 0]"
time="2024-10-10T18:11:29+03:00" level=info msg="Fetched 1 songs"
time="2024-10-10T18:11:29+03:00" level=info msg="Fetched 1 songs"
time="2024-10-10T18:11:29+03:00" level=info msg="Fetched 1 songs: [{ID:8ce80f1f-ac25-4ddd-9790-99e80d004018 groupName:Group1 Text:Textforsong1 Genre:Genre1 Date_added:2024-10-10 12:58:53.470514 +0000 UTC}]"
time="2024-10-10T18:12:45+03:00" level=info msg="Received filter parameters: groupName=Group2, text=Textforsong2, genre=Genre2, page=1, limit=10"
time="2024-10-10T18:12:45+03:00" level=info msg="Received filter parameters: groupName=Group2, text=Textforsong2, genre=Genre2, page=1, limit=10"
time="2024-10-10T18:12:45+03:00" level=info msg="Constructed query: SELECT id, group_name, text, genre, date_added FROM songs WHERE group_name ILIKE $1 AND text ILIKE $2 AND genre ILIKE $3 LIMIT $4 OFFSET $5 with args: [%Group2% %Textforsong2% %Genre2% 10 0]"
time="2024-10-10T18:12:45+03:00" level=info msg="Fetched 1 songs"
time="2024-10-10T18:12:45+03:00" level=info msg="Fetched 1 songs"
time="2024-10-10T18:12:45+03:00" level=info msg="Fetched 1 songs: [{ID:8d6f98df-8d23-437d-b15e-2a437b51b03c groupName:Group2 Text:Textforsong2 Genre:Genre2 Date_added:2024-10-10 15:11:11.40341 +0000 UTC}]"
time="2024-10-10T18:14:26+03:00" level=info msg="Received filter parameters: groupName=, text=, genre=, page=1, limit=2"
time="2024-10-10T19:22:59+03:00" level=info msg="Received filter parameters: groupName=, text=, genre=, page=1, limit=2"
time="2024-10-10T19:23:18+03:00" level=info msg="Received filter parameters: groupName=, text=, genre=, page=1, limit=2"
time="2024-10-10T19:38:07+03:00" level=info msg="Received filter parameters: groupName=, text=, genre=, page=1, limit=2"
time="2024-10-10T19:46:01+03:00" level=info msg="Received filter parameters: groupName=, text=, genre=, page=1, limit=2"
time="2024-10-10T19:46:03+03:00" level=info msg="Received filter parameters: groupName=, text=, genre=, page=1, limit=2"
time="2024-10-10T19:46:29+03:00" level=info msg="Received filter parameters: groupName=, text=, genre=, page=1, limit=2"
time="2024-10-10T19:47:16+03:00" level=info msg="Received filter parameters: groupName=, text=, genre=, page=1, limit=2"
time="2024-10-10T19:48:10+03:00" level=info msg="Received filter parameters: groupName=, text=, genre=, page=1, limit=2"
time="2024-10-10T19:48:54+03:00" level=info msg="Received filter parameters: groupName=, text=, genre=, page=1, limit=2"
time="2024-10-10T19:48:55+03:00" level=info msg="Received filter parameters: groupName=, text=, genre=, page=1, limit=2"
time="2024-10-10T19:59:32+03:00" level=info msg="Received filter parameters: groupName=, text=, genre=, link=, page=1, limit=2"
time="2024-10-10T19:59:42+03:00" level=info msg="Received filter parameters: groupName=, text=, genre=, link=, page=1, limit=2"
time="2024-10-10T20:00:20+03:00" level=info msg="Received filter parameters: groupName=, text=, genre=, link=, page=1, limit=2"
time="2024-10-10T20:01:20+03:00" level=info msg="Received filter parameters: groupName=, text=, genre=, link=, page=1, limit=2"
time="2024-10-10T20:01:59+03:00" level=info msg="Received filter parameters: groupName=My Group, text=Love, genre=Rock, link=, page=1, limit=10"
time="2024-10-10T20:01:59+03:00" level=info msg="Received filter parameters: groupName=My Group, text=Love, genre=Rock, page=1, limit=10"
time="2024-10-10T20:01:59+03:00" level=info msg="Fetched 0 songs"
time="2024-10-10T20:01:59+03:00" level=info msg="Fetched 0 songs: []"
time="2024-10-10T20:02:32+03:00" level=info msg="Received filter parameters: groupName=My Group, text=Love, genre=Rock, link=, page=1, limit=10"
time="2024-10-10T20:02:32+03:00" level=info msg="Received filter parameters: groupName=My Group, text=Love, genre=Rock, page=1, limit=10"
time="2024-10-10T20:02:32+03:00" level=info msg="Fetched 0 songs"
time="2024-10-10T20:02:32+03:00" level=info msg="Fetched 0 songs: []"
time="2024-10-10T20:03:07+03:00" level=info msg="Received filter parameters: groupName=My Group, text=Love, genre=Rock, link=, page=1, limit=10"
time="2024-10-10T20:03:07+03:00" level=info msg="Received filter parameters: groupName=My Group, text=Love, genre=Rock, page=1, limit=10"
time="2024-10-10T20:03:07+03:00" level=info msg="Fetched 0 songs"
time="2024-10-10T20:03:07+03:00" level=info msg="Fetched 0 songs: []"
time="2024-10-10T20:03:31+03:00" level=info msg="Received filter parameters: groupName=My Group, text=Love, genre=Rock, link=, page=1, limit=10"
time="2024-10-10T20:03:31+03:00" level=info msg="Received filter parameters: groupName=My Group, text=Love, genre=Rock, page=1, limit=10"
time="2024-10-10T20:03:31+03:00" level=info msg="Fetched 0 songs"
time="2024-10-10T20:03:31+03:00" level=info msg="Fetched 0 songs: []"
time="2024-10-10T20:06:01+03:00" level=info msg="Received filter parameters: groupName=, text=, genre=, link=, page=1, limit=10"
time="2024-10-10T20:07:07+03:00" level=info msg="Received filter parameters: groupName=My Band, text=, genre=Rock, link=, page=1, limit=10"
time="2024-10-10T20:07:07+03:00" level=info msg="Received filter parameters: groupName=My Band, text=, genre=Rock, page=1, limit=10"
time="2024-10-10T20:07:07+03:00" level=info msg="Fetched 1 songs"
time="2024-10-10T20:07:07+03:00" level=info msg="Fetched 1 songs: [{ID:7903eb03-3127-44ea-9a78-16a46fa82c60 GroupName:My Band Text:This is a great song! Genre:Rock Date_added:2024-10-10 17:05:38.291819 +0000 UTC Link:http://example.com/song1}]"
